<?xml version="1.0" encoding="UTF-8"?>
<coverage generated="1692846132783" clover="3.2.0">
  <project timestamp="1692846132784" name="All files">
    <metrics statements="44" coveredstatements="27" conditionals="8" coveredconditionals="8" methods="15" coveredmethods="8" elements="67" coveredelements="43" complexity="0" loc="44" ncloc="44" packages="1" files="1" classes="1"/>
    <file name="util.js" path="/home/sagie/ToDoList/src/modules/util.js">
      <metrics statements="44" coveredstatements="27" conditionals="8" coveredconditionals="8" methods="15" coveredmethods="8"/>
      <line num="1" count="1" type="stmt"/>
      <line num="9" count="1" type="stmt"/>
      <line num="10" count="29" type="stmt"/>
      <line num="11" count="29" type="cond" truecount="2" falsecount="0"/>
      <line num="12" count="29" type="stmt"/>
      <line num="17" count="29" type="stmt"/>
      <line num="21" count="4" type="stmt"/>
      <line num="22" count="4" type="stmt"/>
      <line num="23" count="4" type="cond" truecount="4" falsecount="0"/>
      <line num="24" count="3" type="stmt"/>
      <line num="25" count="3" type="stmt"/>
      <line num="27" count="0" type="stmt"/>
      <line num="30" count="4" type="stmt"/>
      <line num="31" count="4" type="stmt"/>
      <line num="32" count="4" type="stmt"/>
      <line num="36" count="12" type="stmt"/>
      <line num="40" count="11" type="stmt"/>
      <line num="41" count="29" type="stmt"/>
      <line num="46" count="11" type="stmt"/>
      <line num="47" count="11" type="stmt"/>
      <line num="48" count="11" type="stmt"/>
      <line num="50" count="11" type="stmt"/>
      <line num="51" count="29" type="stmt"/>
      <line num="54" count="11" type="stmt"/>
      <line num="56" count="11" type="stmt"/>
      <line num="60" count="0" type="stmt"/>
      <line num="61" count="0" type="stmt"/>
      <line num="62" count="0" type="stmt"/>
      <line num="63" count="0" type="stmt"/>
      <line num="64" count="0" type="stmt"/>
      <line num="68" count="0" type="stmt"/>
      <line num="69" count="0" type="stmt"/>
      <line num="73" count="0" type="stmt"/>
      <line num="74" count="0" type="stmt"/>
      <line num="75" count="0" type="stmt"/>
      <line num="76" count="0" type="stmt"/>
      <line num="80" count="0" type="stmt"/>
      <line num="84" count="0" type="stmt"/>
      <line num="85" count="0" type="stmt"/>
      <line num="95" count="6" type="stmt"/>
      <line num="100" count="6" type="stmt"/>
      <line num="101" count="6" type="stmt"/>
      <line num="105" count="0" type="stmt"/>
      <line num="106" count="0" type="stmt"/>
    </file>
  </project>
</coverage>
