{"/home/sagie/ToDoList/src/modules/util.js": {"path":"/home/sagie/ToDoList/src/modules/util.js","statementMap":{"0":{"start":{"line":1,"column":16},"end":{"line":7,"column":1}},"1":{"start":{"line":9,"column":26},"end":{"line":18,"column":1}},"2":{"start":{"line":10,"column":22},"end":{"line":10,"column":50}},"3":{"start":{"line":11,"column":2},"end":{"line":11,"column":70}},"4":{"start":{"line":12,"column":2},"end":{"line":16,"column":4}},"5":{"start":{"line":17,"column":2},"end":{"line":17,"column":21}},"6":{"start":{"line":21,"column":22},"end":{"line":21,"column":51}},"7":{"start":{"line":22,"column":4},"end":{"line":22,"column":20}},"8":{"start":{"line":23,"column":4},"end":{"line":29,"column":5}},"9":{"start":{"line":24,"column":6},"end":{"line":28,"column":7}},"10":{"start":{"line":25,"column":8},"end":{"line":25,"column":43}},"11":{"start":{"line":27,"column":8},"end":{"line":27,"column":24}},"12":{"start":{"line":30,"column":4},"end":{"line":30,"column":59}},"13":{"start":{"line":31,"column":4},"end":{"line":31,"column":28}},"14":{"start":{"line":32,"column":4},"end":{"line":32,"column":23}},"15":{"start":{"line":36,"column":4},"end":{"line":36,"column":62}},"16":{"start":{"line":40,"column":4},"end":{"line":42,"column":7}},"17":{"start":{"line":41,"column":6},"end":{"line":41,"column":29}},"18":{"start":{"line":46,"column":4},"end":{"line":46,"column":29}},"19":{"start":{"line":47,"column":4},"end":{"line":47,"column":33}},"20":{"start":{"line":48,"column":21},"end":{"line":48,"column":54}},"21":{"start":{"line":50,"column":4},"end":{"line":52,"column":7}},"22":{"start":{"line":51,"column":6},"end":{"line":51,"column":52}},"23":{"start":{"line":54,"column":4},"end":{"line":54,"column":40}},"24":{"start":{"line":56,"column":4},"end":{"line":56,"column":35}},"25":{"start":{"line":60,"column":24},"end":{"line":60,"column":40}},"26":{"start":{"line":61,"column":24},"end":{"line":61,"column":89}},"27":{"start":{"line":62,"column":4},"end":{"line":62,"column":55}},"28":{"start":{"line":63,"column":4},"end":{"line":63,"column":35}},"29":{"start":{"line":64,"column":4},"end":{"line":64,"column":23}},"30":{"start":{"line":68,"column":4},"end":{"line":68,"column":53}},"31":{"start":{"line":69,"column":4},"end":{"line":69,"column":23}},"32":{"start":{"line":73,"column":32},"end":{"line":73,"column":85}},"33":{"start":{"line":74,"column":21},"end":{"line":74,"column":92}},"34":{"start":{"line":74,"column":56},"end":{"line":74,"column":91}},"35":{"start":{"line":75,"column":4},"end":{"line":75,"column":26}},"36":{"start":{"line":76,"column":4},"end":{"line":76,"column":23}},"37":{"start":{"line":80,"column":4},"end":{"line":80,"column":29}},"38":{"start":{"line":84,"column":4},"end":{"line":84,"column":29}},"39":{"start":{"line":85,"column":4},"end":{"line":91,"column":6}},"40":{"start":{"line":95,"column":20},"end":{"line":99,"column":5}},"41":{"start":{"line":100,"column":4},"end":{"line":100,"column":29}},"42":{"start":{"line":101,"column":4},"end":{"line":101,"column":23}},"43":{"start":{"line":105,"column":4},"end":{"line":105,"column":43}},"44":{"start":{"line":106,"column":4},"end":{"line":106,"column":23}}},"fnMap":{"0":{"name":"(anonymous_0)","decl":{"start":{"line":9,"column":26},"end":{"line":9,"column":27}},"loc":{"start":{"line":9,"column":36},"end":{"line":18,"column":1}},"line":9},"1":{"name":"(anonymous_1)","decl":{"start":{"line":20,"column":2},"end":{"line":20,"column":3}},"loc":{"start":{"line":20,"column":25},"end":{"line":33,"column":3}},"line":20},"2":{"name":"(anonymous_2)","decl":{"start":{"line":35,"column":2},"end":{"line":35,"column":3}},"loc":{"start":{"line":35,"column":28},"end":{"line":37,"column":3}},"line":35},"3":{"name":"(anonymous_3)","decl":{"start":{"line":39,"column":2},"end":{"line":39,"column":3}},"loc":{"start":{"line":39,"column":22},"end":{"line":43,"column":3}},"line":39},"4":{"name":"(anonymous_4)","decl":{"start":{"line":40,"column":23},"end":{"line":40,"column":24}},"loc":{"start":{"line":40,"column":40},"end":{"line":42,"column":5}},"line":40},"5":{"name":"(anonymous_5)","decl":{"start":{"line":45,"column":2},"end":{"line":45,"column":3}},"loc":{"start":{"line":45,"column":16},"end":{"line":57,"column":3}},"line":45},"6":{"name":"(anonymous_6)","decl":{"start":{"line":50,"column":23},"end":{"line":50,"column":24}},"loc":{"start":{"line":50,"column":33},"end":{"line":52,"column":5}},"line":50},"7":{"name":"(anonymous_7)","decl":{"start":{"line":59,"column":2},"end":{"line":59,"column":3}},"loc":{"start":{"line":59,"column":31},"end":{"line":65,"column":3}},"line":59},"8":{"name":"(anonymous_8)","decl":{"start":{"line":67,"column":2},"end":{"line":67,"column":3}},"loc":{"start":{"line":67,"column":31},"end":{"line":70,"column":3}},"line":67},"9":{"name":"(anonymous_9)","decl":{"start":{"line":72,"column":2},"end":{"line":72,"column":3}},"loc":{"start":{"line":72,"column":19},"end":{"line":77,"column":3}},"line":72},"10":{"name":"(anonymous_10)","decl":{"start":{"line":74,"column":39},"end":{"line":74,"column":40}},"loc":{"start":{"line":74,"column":56},"end":{"line":74,"column":91}},"line":74},"11":{"name":"(anonymous_11)","decl":{"start":{"line":79,"column":2},"end":{"line":79,"column":3}},"loc":{"start":{"line":79,"column":18},"end":{"line":81,"column":3}},"line":79},"12":{"name":"(anonymous_12)","decl":{"start":{"line":83,"column":2},"end":{"line":83,"column":3}},"loc":{"start":{"line":83,"column":25},"end":{"line":92,"column":3}},"line":83},"13":{"name":"(anonymous_13)","decl":{"start":{"line":94,"column":2},"end":{"line":94,"column":3}},"loc":{"start":{"line":94,"column":23},"end":{"line":102,"column":3}},"line":94},"14":{"name":"(anonymous_14)","decl":{"start":{"line":104,"column":2},"end":{"line":104,"column":3}},"loc":{"start":{"line":104,"column":15},"end":{"line":107,"column":3}},"line":104}},"branchMap":{"0":{"loc":{"start":{"line":11,"column":34},"end":{"line":11,"column":67}},"type":"cond-expr","locations":[{"start":{"line":11,"column":51},"end":{"line":11,"column":62}},{"start":{"line":11,"column":65},"end":{"line":11,"column":67}}],"line":11},"1":{"loc":{"start":{"line":13,"column":58},"end":{"line":13,"column":89}},"type":"cond-expr","locations":[{"start":{"line":13,"column":75},"end":{"line":13,"column":84}},{"start":{"line":13,"column":87},"end":{"line":13,"column":89}}],"line":13},"2":{"loc":{"start":{"line":23,"column":4},"end":{"line":29,"column":5}},"type":"if","locations":[{"start":{"line":23,"column":4},"end":{"line":29,"column":5}},{"start":{},"end":{}}],"line":23},"3":{"loc":{"start":{"line":23,"column":8},"end":{"line":23,"column":44}},"type":"binary-expr","locations":[{"start":{"line":23,"column":8},"end":{"line":23,"column":17}},{"start":{"line":23,"column":21},"end":{"line":23,"column":44}}],"line":23}},"s":{"0":1,"1":1,"2":29,"3":29,"4":29,"5":29,"6":4,"7":4,"8":4,"9":3,"10":3,"11":0,"12":4,"13":4,"14":4,"15":12,"16":11,"17":29,"18":11,"19":11,"20":11,"21":11,"22":29,"23":11,"24":11,"25":0,"26":0,"27":0,"28":0,"29":0,"30":0,"31":0,"32":0,"33":0,"34":0,"35":0,"36":0,"37":0,"38":0,"39":0,"40":6,"41":6,"42":6,"43":0,"44":0},"f":{"0":29,"1":4,"2":12,"3":11,"4":29,"5":11,"6":29,"7":0,"8":0,"9":0,"10":0,"11":0,"12":0,"13":6,"14":0},"b":{"0":[7,22],"1":[7,22],"2":[3,1],"3":[4,3]},"_coverageSchema":"1a1c01bbd47fc00a2c39e90264f33305004495a9","hash":"c73698cccfb5d486695d9ace6a3c925c3be8b3ff"}
}
