TN:
SF:src/modules/util.js
FN:9,(anonymous_0)
FN:20,(anonymous_1)
FN:35,(anonymous_2)
FN:39,(anonymous_3)
FN:40,(anonymous_4)
FN:45,(anonymous_5)
FN:50,(anonymous_6)
FN:59,(anonymous_7)
FN:67,(anonymous_8)
FN:72,(anonymous_9)
FN:74,(anonymous_10)
FN:79,(anonymous_11)
FN:83,(anonymous_12)
FN:94,(anonymous_13)
FN:104,(anonymous_14)
FNF:15
FNH:8
FNDA:29,(anonymous_0)
FNDA:4,(anonymous_1)
FNDA:12,(anonymous_2)
FNDA:11,(anonymous_3)
FNDA:29,(anonymous_4)
FNDA:11,(anonymous_5)
FNDA:29,(anonymous_6)
FNDA:0,(anonymous_7)
FNDA:0,(anonymous_8)
FNDA:0,(anonymous_9)
FNDA:0,(anonymous_10)
FNDA:0,(anonymous_11)
FNDA:0,(anonymous_12)
FNDA:6,(anonymous_13)
FNDA:0,(anonymous_14)
DA:1,1
DA:9,1
DA:10,29
DA:11,29
DA:12,29
DA:17,29
DA:21,4
DA:22,4
DA:23,4
DA:24,3
DA:25,3
DA:27,0
DA:30,4
DA:31,4
DA:32,4
DA:36,12
DA:40,11
DA:41,29
DA:46,11
DA:47,11
DA:48,11
DA:50,11
DA:51,29
DA:54,11
DA:56,11
DA:60,0
DA:61,0
DA:62,0
DA:63,0
DA:64,0
DA:68,0
DA:69,0
DA:73,0
DA:74,0
DA:75,0
DA:76,0
DA:80,0
DA:84,0
DA:85,0
DA:95,6
DA:100,6
DA:101,6
DA:105,0
DA:106,0
LF:44
LH:27
BRDA:11,0,0,7
BRDA:11,0,1,22
BRDA:13,1,0,7
BRDA:13,1,1,22
BRDA:23,2,0,3
BRDA:23,2,1,1
BRDA:23,3,0,4
BRDA:23,3,1,3
BRF:8
BRH:8
end_of_record
